<?xml version="1.0" encoding="UTF-8"?>
<!-- Generated by org.testng.reporters.JUnitReportReporter -->
<testsuite skipped="1" hostname="mkrishnan" name="rough.hashmapTest" tests="2" failures="0" timestamp="29 Mar 2019 08:11:38 GMT" time="57.073" errors="0">
  <testcase name="loginexisting" time="57.073" classname="rough.hashmapTest"/>
  <testcase name="loginnew" classname="rough.hashmapTest">
    <skipped/>
  </testcase> <!-- loginnew -->
</testsuite> <!-- rough.hashmapTest -->
