<?xml version="1.0" encoding="UTF-8"?>
<!-- Generated by org.testng.reporters.JUnitReportReporter -->
<testsuite skipped="5" hostname="mkrishnan" name="com.avlview.app.testcases.AddClientPageTest" tests="13" failures="0" timestamp="08 Jan 2019 09:46:39 GMT" time="267.896" errors="0">
  <testcase name="NoClientExistTemplateTest" time="50.390" classname="com.avlview.app.testcases.AddClientPageTest">
    <skipped/>
  </testcase> <!-- NoClientExistTemplateTest -->
  <testcase name="NoClientMatchTemplateTest" time="25.027" classname="com.avlview.app.testcases.AddClientPageTest"/>
  <testcase name="ClickAddClientTest" time="22.765" classname="com.avlview.app.testcases.AddClientPageTest"/>
  <testcase name="items25Test" time="29.003" classname="com.avlview.app.testcases.AddClientPageTest"/>
  <testcase name="items50Test" time="26.075" classname="com.avlview.app.testcases.AddClientPageTest"/>
  <testcase name="items100Test" time="25.601" classname="com.avlview.app.testcases.AddClientPageTest"/>
  <testcase name="PaginationTestfor25Items" time="32.287" classname="com.avlview.app.testcases.AddClientPageTest"/>
  <testcase name="PaginationTestfor50Items" time="27.942" classname="com.avlview.app.testcases.AddClientPageTest"/>
  <testcase name="PaginationTestfor100Items" time="28.806" classname="com.avlview.app.testcases.AddClientPageTest"/>
  <testcase name="SearchAddedClientTest" classname="com.avlview.app.testcases.AddClientPageTest">
    <skipped/>
  </testcase> <!-- SearchAddedClientTest -->
  <testcase name="deActivateClientTest" classname="com.avlview.app.testcases.AddClientPageTest">
    <skipped/>
  </testcase> <!-- deActivateClientTest -->
  <testcase name="AddclientTest" classname="com.avlview.app.testcases.AddClientPageTest">
    <skipped/>
  </testcase> <!-- AddclientTest -->
  <testcase name="deactivateSearchTest" classname="com.avlview.app.testcases.AddClientPageTest">
    <skipped/>
  </testcase> <!-- deactivateSearchTest -->
</testsuite> <!-- com.avlview.app.testcases.AddClientPageTest -->
