<?xml version="1.0" encoding="UTF-8"?>
<!-- Generated by org.testng.reporters.JUnitReportReporter -->
<testsuite skipped="4" hostname="mkrishnan" name="com.avlview.app.testcases.LoginPageTest2" tests="8" failures="0" timestamp="16 May 2019 10:31:16 GMT" time="112.874" errors="0">
  <testcase name="validateLoginPageExistTest" time="59.504" classname="com.avlview.app.testcases.LoginPageTest2"/>
  <testcase name="validateClientLogoExistTest" time="19.665" classname="com.avlview.app.testcases.LoginPageTest2"/>
  <testcase name="validateApplogoExistTest" time="15.721" classname="com.avlview.app.testcases.LoginPageTest2"/>
  <testcase name="validateRemembermeExistTest" time="17.984" classname="com.avlview.app.testcases.LoginPageTest2"/>
  <testcase name="loginclick" classname="com.avlview.app.testcases.LoginPageTest2">
    <skipped/>
  </testcase> <!-- loginclick -->
  <testcase name="forgotpasswordclick" classname="com.avlview.app.testcases.LoginPageTest2">
    <skipped/>
  </testcase> <!-- forgotpasswordclick -->
  <testcase name="validateLanguageExistTest" classname="com.avlview.app.testcases.LoginPageTest2">
    <skipped/>
  </testcase> <!-- validateLanguageExistTest -->
  <testcase name="loginclickWithInvaliduser" classname="com.avlview.app.testcases.LoginPageTest2">
    <skipped/>
  </testcase> <!-- loginclickWithInvaliduser -->
</testsuite> <!-- com.avlview.app.testcases.LoginPageTest2 -->
