<?xml version="1.0" encoding="UTF-8"?>
<!-- Generated by org.testng.reporters.JUnitReportReporter -->
<testsuite skipped="4" hostname="mkrishnan" name="com.avlview.app.testcases.LoginPageTest" tests="8" failures="0" timestamp="14 May 2019 08:57:28 GMT" time="94.670" errors="0">
  <testcase name="validateLoginPageExistTest" time="16.948" classname="com.avlview.app.testcases.LoginPageTest"/>
  <testcase name="validateClientLogoExistTest" time="45.771" classname="com.avlview.app.testcases.LoginPageTest"/>
  <testcase name="validateApplogoExistTest" time="17.086" classname="com.avlview.app.testcases.LoginPageTest"/>
  <testcase name="validateRemembermeExistTest" time="14.865" classname="com.avlview.app.testcases.LoginPageTest"/>
  <testcase name="validateLanguageExistTest" classname="com.avlview.app.testcases.LoginPageTest">
    <skipped/>
  </testcase> <!-- validateLanguageExistTest -->
  <testcase name="loginclickWithInvaliduser" classname="com.avlview.app.testcases.LoginPageTest">
    <skipped/>
  </testcase> <!-- loginclickWithInvaliduser -->
  <testcase name="forgotpasswordclick" classname="com.avlview.app.testcases.LoginPageTest">
    <skipped/>
  </testcase> <!-- forgotpasswordclick -->
  <testcase name="loginclick" classname="com.avlview.app.testcases.LoginPageTest">
    <skipped/>
  </testcase> <!-- loginclick -->
</testsuite> <!-- com.avlview.app.testcases.LoginPageTest -->
