<?xml version="1.0" encoding="UTF-8"?>
<!-- Generated by org.testng.reporters.JUnitReportReporter -->
<testsuite skipped="6" hostname="mkrishnan" name="com.avlview.app.testcases.LoginPageTest" tests="8" failures="0" timestamp="04 Jan 2019 08:36:55 GMT" time="23.963" errors="0">
  <testcase name="validateLoginPageExistTest" time="12.971" classname="com.avlview.app.testcases.LoginPageTest"/>
  <testcase name="loginclickWithInvaliduser" time="10.992" classname="com.avlview.app.testcases.LoginPageTest"/>
  <testcase name="validateRemembermeExistTest" classname="com.avlview.app.testcases.LoginPageTest">
    <skipped/>
  </testcase> <!-- validateRemembermeExistTest -->
  <testcase name="validateApplogoExistTest" classname="com.avlview.app.testcases.LoginPageTest">
    <skipped/>
  </testcase> <!-- validateApplogoExistTest -->
  <testcase name="validateLanguageExistTest" classname="com.avlview.app.testcases.LoginPageTest">
    <skipped/>
  </testcase> <!-- validateLanguageExistTest -->
  <testcase name="forgotpasswordclick" classname="com.avlview.app.testcases.LoginPageTest">
    <skipped/>
  </testcase> <!-- forgotpasswordclick -->
  <testcase name="loginclick" classname="com.avlview.app.testcases.LoginPageTest">
    <skipped/>
  </testcase> <!-- loginclick -->
  <testcase name="validateClientLogoExistTest" classname="com.avlview.app.testcases.LoginPageTest">
    <skipped/>
  </testcase> <!-- validateClientLogoExistTest -->
</testsuite> <!-- com.avlview.app.testcases.LoginPageTest -->
