<?xml version="1.0" encoding="UTF-8"?>
<!-- Generated by org.testng.reporters.JUnitReportReporter -->
<testsuite skipped="5" hostname="mkrishnan" name="com.avlview.app.testcases.ClientDetailsTest" tests="6" failures="0" timestamp="22 Mar 2019 09:11:21 GMT" time="141.118" errors="0">
  <testcase name="TemplateTest" time="66.235" classname="com.avlview.app.testcases.ClientDetailsTest"/>
  <testcase name="validateVehicleCountTest" time="74.883" classname="com.avlview.app.testcases.ClientDetailsTest">
    <skipped/>
  </testcase> <!-- validateVehicleCountTest -->
  <testcase name="validateMenuItemsTest" classname="com.avlview.app.testcases.ClientDetailsTest">
    <skipped/>
  </testcase> <!-- validateMenuItemsTest -->
  <testcase name="AddVehicleTest" classname="com.avlview.app.testcases.ClientDetailsTest">
    <skipped/>
  </testcase> <!-- AddVehicleTest -->
  <testcase name="validateBackButtonExistTest" classname="com.avlview.app.testcases.ClientDetailsTest">
    <skipped/>
  </testcase> <!-- validateBackButtonExistTest -->
  <testcase name="validateBackButtonClickTest" classname="com.avlview.app.testcases.ClientDetailsTest">
    <skipped/>
  </testcase> <!-- validateBackButtonClickTest -->
</testsuite> <!-- com.avlview.app.testcases.ClientDetailsTest -->
