<?xml version="1.0" encoding="UTF-8"?>
<!-- Generated by org.testng.reporters.JUnitReportReporter -->
<testsuite skipped="4" hostname="mkrishnan" name="com.avlview.app.testcases.LoginPageTest" tests="8" failures="0" timestamp="05 Mar 2019 06:11:20 GMT" time="142.671" errors="0">
  <testcase name="validateLoginPageExistTest" time="38.929" classname="com.avlview.app.testcases.LoginPageTest"/>
  <testcase name="validateClientLogoExistTest" time="33.187" classname="com.avlview.app.testcases.LoginPageTest"/>
  <testcase name="validateApplogoExistTest" time="40.212" classname="com.avlview.app.testcases.LoginPageTest"/>
  <testcase name="validateRemembermeExistTest" time="30.343" classname="com.avlview.app.testcases.LoginPageTest"/>
  <testcase name="validateLanguageExistTest" classname="com.avlview.app.testcases.LoginPageTest">
    <skipped/>
  </testcase> <!-- validateLanguageExistTest -->
  <testcase name="loginclickWithInvaliduser" classname="com.avlview.app.testcases.LoginPageTest">
    <skipped/>
  </testcase> <!-- loginclickWithInvaliduser -->
  <testcase name="forgotpasswordclick" classname="com.avlview.app.testcases.LoginPageTest">
    <skipped/>
  </testcase> <!-- forgotpasswordclick -->
  <testcase name="loginclick" classname="com.avlview.app.testcases.LoginPageTest">
    <skipped/>
  </testcase> <!-- loginclick -->
</testsuite> <!-- com.avlview.app.testcases.LoginPageTest -->
