<?xml version="1.0" encoding="UTF-8"?>
<!-- Generated by org.testng.reporters.JUnitReportReporter -->
<testsuite skipped="10" hostname="mkrishnan" name="com.avlview.app.testcases.ClientDetailsTest" tests="11" failures="0" timestamp="01 Apr 2019 10:42:07 GMT" time="68.947" errors="0">
  <testcase name="validateSettingsClickTest" time="68.947" classname="com.avlview.app.testcases.ClientDetailsTest"/>
  <testcase name="TemplateTest" classname="com.avlview.app.testcases.ClientDetailsTest">
    <skipped/>
  </testcase> <!-- TemplateTest -->
  <testcase name="validateMenuItemsTest" classname="com.avlview.app.testcases.ClientDetailsTest">
    <skipped/>
  </testcase> <!-- validateMenuItemsTest -->
  <testcase name="validateDownloadTest" classname="com.avlview.app.testcases.ClientDetailsTest">
    <skipped/>
  </testcase> <!-- validateDownloadTest -->
  <testcase name="validateVehicleStatusTest" classname="com.avlview.app.testcases.ClientDetailsTest">
    <skipped/>
  </testcase> <!-- validateVehicleStatusTest -->
  <testcase name="AddVehicleTest" classname="com.avlview.app.testcases.ClientDetailsTest">
    <skipped/>
  </testcase> <!-- AddVehicleTest -->
  <testcase name="validateVehicleCountTest" classname="com.avlview.app.testcases.ClientDetailsTest">
    <skipped/>
  </testcase> <!-- validateVehicleCountTest -->
  <testcase name="validateSearchTest" classname="com.avlview.app.testcases.ClientDetailsTest">
    <skipped/>
  </testcase> <!-- validateSearchTest -->
  <testcase name="validateBackButtonExistTest" classname="com.avlview.app.testcases.ClientDetailsTest">
    <skipped/>
  </testcase> <!-- validateBackButtonExistTest -->
  <testcase name="validateSearchandDownloadExistTest" classname="com.avlview.app.testcases.ClientDetailsTest">
    <skipped/>
  </testcase> <!-- validateSearchandDownloadExistTest -->
  <testcase name="validateBackButtonClickTest" classname="com.avlview.app.testcases.ClientDetailsTest">
    <skipped/>
  </testcase> <!-- validateBackButtonClickTest -->
</testsuite> <!-- com.avlview.app.testcases.ClientDetailsTest -->
