<?xml version="1.0" encoding="UTF-8"?>
<!-- Generated by org.testng.reporters.JUnitReportReporter -->
<testsuite skipped="7" hostname="mkrishnan" name="com.avlview.app.testcases.ForgotPasswordPageTest" tests="9" failures="1" timestamp="04 Jan 2019 08:36:55 GMT" time="68.709" errors="0">
  <testcase name="validateForgotPasswordPageExistTest" time="18.796" classname="com.avlview.app.testcases.ForgotPasswordPageTest">
    <failure type="java.lang.AssertionError" message="expected [Forgot your password1?] but found [Forgot your password?]">
      <![CDATA[java.lang.AssertionError: expected [Forgot your password1?] but found [Forgot your password?]
at org.testng.Assert.fail(Assert.java:96)
at org.testng.Assert.failNotEquals(Assert.java:776)
at org.testng.Assert.assertEqualsImpl(Assert.java:137)
at org.testng.Assert.assertEquals(Assert.java:118)
at org.testng.Assert.assertEquals(Assert.java:453)
at org.testng.Assert.assertEquals(Assert.java:463)
at com.avlview.app.testcases.ForgotPasswordPageTest.validateForgotPasswordPageExistTest(ForgotPasswordPageTest.java:51)
at sun.reflect.NativeMethodAccessorImpl.invoke0(Native Method)
at sun.reflect.NativeMethodAccessorImpl.invoke(NativeMethodAccessorImpl.java:62)
at sun.reflect.DelegatingMethodAccessorImpl.invoke(DelegatingMethodAccessorImpl.java:43)
at java.lang.reflect.Method.invoke(Method.java:498)
at org.testng.internal.MethodInvocationHelper.invokeMethod(MethodInvocationHelper.java:124)
at org.testng.internal.Invoker.invokeMethod(Invoker.java:583)
at org.testng.internal.Invoker.retryFailed(Invoker.java:839)
at org.testng.internal.Invoker.invokeTestMethods(Invoker.java:1010)
at org.testng.internal.TestMethodWorker.invokeTestMethods(TestMethodWorker.java:125)
at org.testng.internal.TestMethodWorker.run(TestMethodWorker.java:109)
at org.testng.TestRunner.privateRun(TestRunner.java:648)
at org.testng.TestRunner.run(TestRunner.java:505)
at org.testng.SuiteRunner.runTest(SuiteRunner.java:455)
at org.testng.SuiteRunner.runSequentially(SuiteRunner.java:450)
at org.testng.SuiteRunner.privateRun(SuiteRunner.java:415)
at org.testng.SuiteRunner.run(SuiteRunner.java:364)
at org.testng.SuiteRunnerWorker.runSuite(SuiteRunnerWorker.java:52)
at org.testng.SuiteRunnerWorker.run(SuiteRunnerWorker.java:84)
at org.testng.TestNG.runSuitesSequentially(TestNG.java:1208)
at org.testng.TestNG.runSuitesLocally(TestNG.java:1137)
at org.testng.TestNG.runSuites(TestNG.java:1049)
at org.testng.TestNG.run(TestNG.java:1017)
at org.testng.remote.AbstractRemoteTestNG.run(AbstractRemoteTestNG.java:114)
at org.testng.remote.RemoteTestNG.initAndRun(RemoteTestNG.java:251)
at org.testng.remote.RemoteTestNG.main(RemoteTestNG.java:77)
]]>
    </failure>
  </testcase> <!-- validateForgotPasswordPageExistTest -->
  <testcase name="validateForgotPasswordPageExistTest" time="23.822" classname="com.avlview.app.testcases.ForgotPasswordPageTest">
    <skipped/>
  </testcase> <!-- validateForgotPasswordPageExistTest -->
  <testcase name="validateInvaliduserClickTest" time="26.091" classname="com.avlview.app.testcases.ForgotPasswordPageTest"/>
  <testcase name="validateNouserClickTest" classname="com.avlview.app.testcases.ForgotPasswordPageTest">
    <skipped/>
  </testcase> <!-- validateNouserClickTest -->
  <testcase name="validateClientLogoExistTest" classname="com.avlview.app.testcases.ForgotPasswordPageTest">
    <skipped/>
  </testcase> <!-- validateClientLogoExistTest -->
  <testcase name="validateBacktoLoginClickTest" classname="com.avlview.app.testcases.ForgotPasswordPageTest">
    <skipped/>
  </testcase> <!-- validateBacktoLoginClickTest -->
  <testcase name="validateBacktoLoginExistTest" classname="com.avlview.app.testcases.ForgotPasswordPageTest">
    <skipped/>
  </testcase> <!-- validateBacktoLoginExistTest -->
  <testcase name="validateApplogoExistTest" classname="com.avlview.app.testcases.ForgotPasswordPageTest">
    <skipped/>
  </testcase> <!-- validateApplogoExistTest -->
  <testcase name="validateValiduserClickTest" classname="com.avlview.app.testcases.ForgotPasswordPageTest">
    <skipped/>
  </testcase> <!-- validateValiduserClickTest -->
</testsuite> <!-- com.avlview.app.testcases.ForgotPasswordPageTest -->
