<?xml version="1.0" encoding="UTF-8"?>
<!-- Generated by org.testng.reporters.JUnitReportReporter -->
<testsuite skipped="8" hostname="mkrishnan" name="com.avlview.app.testcases.ClientDetailsTest" tests="9" failures="0" timestamp="29 Mar 2019 09:58:05 GMT" time="41.750" errors="0">
  <testcase name="validateSearchTest" time="41.750" classname="com.avlview.app.testcases.ClientDetailsTest"/>
  <testcase name="TemplateTest" classname="com.avlview.app.testcases.ClientDetailsTest">
    <skipped/>
  </testcase> <!-- TemplateTest -->
  <testcase name="validateSearchExistTest" classname="com.avlview.app.testcases.ClientDetailsTest">
    <skipped/>
  </testcase> <!-- validateSearchExistTest -->
  <testcase name="validateMenuItemsTest" classname="com.avlview.app.testcases.ClientDetailsTest">
    <skipped/>
  </testcase> <!-- validateMenuItemsTest -->
  <testcase name="validateVehicleStatusTest" classname="com.avlview.app.testcases.ClientDetailsTest">
    <skipped/>
  </testcase> <!-- validateVehicleStatusTest -->
  <testcase name="AddVehicleTest" classname="com.avlview.app.testcases.ClientDetailsTest">
    <skipped/>
  </testcase> <!-- AddVehicleTest -->
  <testcase name="validateVehicleCountTest" classname="com.avlview.app.testcases.ClientDetailsTest">
    <skipped/>
  </testcase> <!-- validateVehicleCountTest -->
  <testcase name="validateBackButtonExistTest" classname="com.avlview.app.testcases.ClientDetailsTest">
    <skipped/>
  </testcase> <!-- validateBackButtonExistTest -->
  <testcase name="validateBackButtonClickTest" classname="com.avlview.app.testcases.ClientDetailsTest">
    <skipped/>
  </testcase> <!-- validateBackButtonClickTest -->
</testsuite> <!-- com.avlview.app.testcases.ClientDetailsTest -->
