<?xml version="1.0" encoding="UTF-8"?>
<!-- Generated by org.testng.reporters.JUnitReportReporter -->
<testsuite skipped="0" hostname="mkrishnan" name="com.avlview.app.testcases.LoginPageTest" tests="8" failures="0" timestamp="08 Jan 2019 09:13:41 GMT" time="107.956" errors="0">
  <testcase name="validateLoginPageExistTest" time="10.639" classname="com.avlview.app.testcases.LoginPageTest"/>
  <testcase name="validateClientLogoExistTest" time="12.575" classname="com.avlview.app.testcases.LoginPageTest"/>
  <testcase name="validateApplogoExistTest" time="14.037" classname="com.avlview.app.testcases.LoginPageTest"/>
  <testcase name="validateRemembermeExistTest" time="11.791" classname="com.avlview.app.testcases.LoginPageTest"/>
  <testcase name="validateLanguageExistTest" time="11.790" classname="com.avlview.app.testcases.LoginPageTest"/>
  <testcase name="forgotpasswordclick" time="16.293" classname="com.avlview.app.testcases.LoginPageTest"/>
  <testcase name="loginclickWithInvaliduser" time="12.113" classname="com.avlview.app.testcases.LoginPageTest"/>
  <testcase name="loginclick" time="18.718" classname="com.avlview.app.testcases.LoginPageTest"/>
</testsuite> <!-- com.avlview.app.testcases.LoginPageTest -->
